<?xml version="1.0" encoding="utf-8"?><testsuite errors="0" failures="0" name="pytest" skips="0" tests="2" time="0.016"><testcase classname="test_funct" file="test_funct.py" line="3" name="test_run" time="0.000309228897095"></testcase><testcase classname="test_funct" file="test_funct.py" line="7" name="test_run2" time="0.000263690948486"></testcase></testsuite>